Configure run on Thu Jul 2 14:30:44 BST 2015

int main(void) {
	#ifndef __GNUC__
	syntax error
	#endif
	return 0;
}

g++ ./stella-conf.cxx  -o ./stella-conf -c


#include <stdio.h>
#include <png.h>
int main(void) { return printf("%s\n", PNG_HEADER_VERSION_STRING); }

g++ ./stella-conf.cxx  -o ./stella-conf -lpng


#include <string.h>
#include <zlib.h>
int main(void) { return strcmp(ZLIB_VERSION, zlibVersion()); }

g++ ./stella-conf.cxx  -o ./stella-conf -lz


#include <string.h>
#include <GL/gl.h>
#include <GL/glu.h>
int main(void) { return 0; }

g++ ./stella-conf.cxx  -o ./stella-conf 


			#include <X11/Xutil.h>
			int main(void) { return 0; }

g++ ./stella-conf.cxx  -o ./stella-conf -lX11

